C:\Users\saira.chaudhry\Desktop\sc\SDM\-- App 3\chat-app\chat-app\ChatApp\angular\chat-application\dist\out-tsc\src\app\app-routing.module.js
C:\Users\saira.chaudhry\Desktop\sc\SDM\-- App 3\chat-app\chat-app\ChatApp\angular\chat-application\dist\out-tsc\src\app\app-routing.module.js.map
C:\Users\saira.chaudhry\Desktop\sc\SDM\-- App 3\chat-app\chat-app\ChatApp\angular\chat-application\dist\out-tsc\src\app\app.component.js
C:\Users\saira.chaudhry\Desktop\sc\SDM\-- App 3\chat-app\chat-app\ChatApp\angular\chat-application\dist\out-tsc\src\app\app.component.js.map
C:\Users\saira.chaudhry\Desktop\sc\SDM\-- App 3\chat-app\chat-app\ChatApp\angular\chat-application\dist\out-tsc\src\app\user-list\user-list.component.js
C:\Users\saira.chaudhry\Desktop\sc\SDM\-- App 3\chat-app\chat-app\ChatApp\angular\chat-application\dist\out-tsc\src\app\user-list\user-list.component.js.map
C:\Users\saira.chaudhry\Desktop\sc\SDM\-- App 3\chat-app\chat-app\ChatApp\angular\chat-application\dist\out-tsc\src\app\shared\models\user.js
C:\Users\saira.chaudhry\Desktop\sc\SDM\-- App 3\chat-app\chat-app\ChatApp\angular\chat-application\dist\out-tsc\src\app\shared\models\user.js.map
C:\Users\saira.chaudhry\Desktop\sc\SDM\-- App 3\chat-app\chat-app\ChatApp\angular\chat-application\dist\out-tsc\src\app\shared\models\message.js
C:\Users\saira.chaudhry\Desktop\sc\SDM\-- App 3\chat-app\chat-app\ChatApp\angular\chat-application\dist\out-tsc\src\app\shared\models\message.js.map
C:\Users\saira.chaudhry\Desktop\sc\SDM\-- App 3\chat-app\chat-app\ChatApp\angular\chat-application\dist\out-tsc\src\app\core\mocks\mock-messages.js
C:\Users\saira.chaudhry\Desktop\sc\SDM\-- App 3\chat-app\chat-app\ChatApp\angular\chat-application\dist\out-tsc\src\app\core\mocks\mock-messages.js.map
C:\Users\saira.chaudhry\Desktop\sc\SDM\-- App 3\chat-app\chat-app\ChatApp\angular\chat-application\dist\out-tsc\src\app\core\services\message.service.js
C:\Users\saira.chaudhry\Desktop\sc\SDM\-- App 3\chat-app\chat-app\ChatApp\angular\chat-application\dist\out-tsc\src\app\core\services\message.service.js.map
C:\Users\saira.chaudhry\Desktop\sc\SDM\-- App 3\chat-app\chat-app\ChatApp\angular\chat-application\dist\out-tsc\src\app\chat-content\chat-content.component.js
C:\Users\saira.chaudhry\Desktop\sc\SDM\-- App 3\chat-app\chat-app\ChatApp\angular\chat-application\dist\out-tsc\src\app\chat-content\chat-content.component.js.map
C:\Users\saira.chaudhry\Desktop\sc\SDM\-- App 3\chat-app\chat-app\ChatApp\angular\chat-application\dist\out-tsc\src\app\message\message.component.js
C:\Users\saira.chaudhry\Desktop\sc\SDM\-- App 3\chat-app\chat-app\ChatApp\angular\chat-application\dist\out-tsc\src\app\message\message.component.js.map
C:\Users\saira.chaudhry\Desktop\sc\SDM\-- App 3\chat-app\chat-app\ChatApp\angular\chat-application\dist\out-tsc\src\app\app.module.js
C:\Users\saira.chaudhry\Desktop\sc\SDM\-- App 3\chat-app\chat-app\ChatApp\angular\chat-application\dist\out-tsc\src\app\app.module.js.map
C:\Users\saira.chaudhry\Desktop\sc\SDM\-- App 3\chat-app\chat-app\ChatApp\angular\chat-application\dist\out-tsc\src\environments\environment.js
C:\Users\saira.chaudhry\Desktop\sc\SDM\-- App 3\chat-app\chat-app\ChatApp\angular\chat-application\dist\out-tsc\src\environments\environment.js.map
C:\Users\saira.chaudhry\Desktop\sc\SDM\-- App 3\chat-app\chat-app\ChatApp\angular\chat-application\dist\out-tsc\src\main.js
C:\Users\saira.chaudhry\Desktop\sc\SDM\-- App 3\chat-app\chat-app\ChatApp\angular\chat-application\dist\out-tsc\src\main.js.map
C:\Users\saira.chaudhry\Desktop\sc\SDM\-- App 3\chat-app\chat-app\ChatApp\angular\chat-application\dist\out-tsc\src\polyfills.js
C:\Users\saira.chaudhry\Desktop\sc\SDM\-- App 3\chat-app\chat-app\ChatApp\angular\chat-application\dist\out-tsc\src\polyfills.js.map
C:\Users\saira.chaudhry\Desktop\sc\SDM\-- App 3\chat-app\chat-app\ChatApp\angular\chat-application\dist\out-tsc\src\test.js
C:\Users\saira.chaudhry\Desktop\sc\SDM\-- App 3\chat-app\chat-app\ChatApp\angular\chat-application\dist\out-tsc\src\test.js.map
C:\Users\saira.chaudhry\Desktop\sc\SDM\-- App 3\chat-app\chat-app\ChatApp\angular\chat-application\dist\out-tsc\e2e\src\app.po.js
C:\Users\saira.chaudhry\Desktop\sc\SDM\-- App 3\chat-app\chat-app\ChatApp\angular\chat-application\dist\out-tsc\e2e\src\app.po.js.map
C:\Users\saira.chaudhry\Desktop\sc\SDM\-- App 3\chat-app\chat-app\ChatApp\angular\chat-application\dist\out-tsc\e2e\src\app.e2e-spec.js
C:\Users\saira.chaudhry\Desktop\sc\SDM\-- App 3\chat-app\chat-app\ChatApp\angular\chat-application\dist\out-tsc\e2e\src\app.e2e-spec.js.map
C:\Users\saira.chaudhry\Desktop\sc\SDM\-- App 3\chat-app\chat-app\ChatApp\angular\chat-application\dist\out-tsc\src\app\app.component.spec.js
C:\Users\saira.chaudhry\Desktop\sc\SDM\-- App 3\chat-app\chat-app\ChatApp\angular\chat-application\dist\out-tsc\src\app\app.component.spec.js.map
C:\Users\saira.chaudhry\Desktop\sc\SDM\-- App 3\chat-app\chat-app\ChatApp\angular\chat-application\dist\out-tsc\src\environments\environment.prod.js
C:\Users\saira.chaudhry\Desktop\sc\SDM\-- App 3\chat-app\chat-app\ChatApp\angular\chat-application\dist\out-tsc\src\environments\environment.prod.js.map
C:\Users\saira.chaudhry\Desktop\sc\SDM\-- App 3\chat-app\chat-app\ChatApp\angular\chat-application\dist\out-tsc\src\app\chat-content\chat-content.component.spec.js
C:\Users\saira.chaudhry\Desktop\sc\SDM\-- App 3\chat-app\chat-app\ChatApp\angular\chat-application\dist\out-tsc\src\app\chat-content\chat-content.component.spec.js.map
C:\Users\saira.chaudhry\Desktop\sc\SDM\-- App 3\chat-app\chat-app\ChatApp\angular\chat-application\dist\out-tsc\src\app\message\message.component.spec.js
C:\Users\saira.chaudhry\Desktop\sc\SDM\-- App 3\chat-app\chat-app\ChatApp\angular\chat-application\dist\out-tsc\src\app\message\message.component.spec.js.map
C:\Users\saira.chaudhry\Desktop\sc\SDM\-- App 3\chat-app\chat-app\ChatApp\angular\chat-application\dist\out-tsc\src\app\user-list\user-list.component.spec.js
C:\Users\saira.chaudhry\Desktop\sc\SDM\-- App 3\chat-app\chat-app\ChatApp\angular\chat-application\dist\out-tsc\src\app\user-list\user-list.component.spec.js.map
